<?xml version="1.0" encoding="UTF-8"?>
<!-- Generated by org.testng.reporters.JUnitXMLReporter -->
<testsuite hostname="Newt-1607-11" name="Find Time To Reach Near By Restaurant" tests="3" failures="0" timestamp="18 May 2016 08:19:05 GMT" time="226.665" errors="0">
  <testcase name="findTimeToNearByRestaurant" time="52.308" classname="test.GoogleMapsTest"/>
  <testcase name="findTimeToNearByRestaurant" time="46.197" classname="test.GoogleMapsTest"/>
  <testcase name="findTimeToNearByRestaurant" time="47.912" classname="test.GoogleMapsTest"/>
</testsuite> <!-- Find Time To Reach Near By Restaurant -->
