<?xml version="1.0" encoding="UTF-8"?>
<!-- Generated by org.testng.reporters.JUnitXMLReporter -->
<testsuite hostname="Newt-1607-11" name="Find Time To Reach Specific Place" tests="3" failures="0" timestamp="18 May 2016 08:22:29 GMT" time="204.702" errors="0">
  <testcase name="findTimeToReachSpecificPlace" time="48.641" classname="test.GoogleMapsTest"/>
  <testcase name="findTimeToReachSpecificPlace" time="46.101" classname="test.GoogleMapsTest"/>
  <testcase name="findTimeToReachSpecificPlace" time="42.382" classname="test.GoogleMapsTest"/>
</testsuite> <!-- Find Time To Reach Specific Place -->
